-------------------------------------------------------------------------------
Test set: com.phoenix.sevices.CalculatorServiceTest
-------------------------------------------------------------------------------
Tests run: 1, Failures: 1, Errors: 0, Skipped: 0, Time elapsed: 0.001 s <<< FAILURE! - in com.phoenix.sevices.CalculatorServiceTest
testAddition(com.phoenix.sevices.CalculatorServiceTest)  Time elapsed: 0.001 s  <<< FAILURE!
java.lang.AssertionError: expected:<30> but was:<20>
	at com.phoenix.sevices.CalculatorServiceTest.testAddition(CalculatorServiceTest.java:21)

